Arguments: 
  C:\Program Files\nodejs\node.exe C:\Users\徐毅飞\AppData\Roaming\npm\node_modules\yarn\bin\yarn.js init

PATH: 
  C:\Program Files (x86)\Intel\iCLS Client\;C:\Program Files\Intel\iCLS Client\;C:\Windows\system32;C:\Windows;C:\Windows\System32\Wbem;C:\Windows\System32\WindowsPowerShell\v1.0\;C:\Program Files (x86)\NVIDIA Corporation\PhysX\Common;C:\Program Files (x86)\Intel\Intel(R) Management Engine Components\DAL;C:\Program Files\Intel\Intel(R) Management Engine Components\DAL;C:\Program Files (x86)\Intel\Intel(R) Management Engine Components\IPT;C:\Program Files\Intel\Intel(R) Management Engine Components\IPT;C:\Program Files\Git\cmd;C:\Program Files\TortoiseSVN\bin;C:\Program Files\MongoDB\Server\3.4\bin;C:\Program Files\TortoiseGit\bin;C:\Ruby24-x64\bin;C:\Program Files (x86)\Windows Kits\8.1\Windows Performance Toolkit\;C:\Users\徐毅飞\AppData\Local\Programs\Python\Python36;C:\Program Files\nodejs\;%SystemRoot%\system32;%SystemRoot%;%SystemRoot%\System32\Wbem;%SYSTEMROOT%\System32\WindowsPowerShell\v1.0\;C:\Users\徐毅飞\AppData\Local\Programs\Python\Python36\Scripts\;C:\Users\徐毅飞\AppData\Local\Programs\Python\Python36\;C:\Ruby24-x64\bin;C:\Users\徐毅飞\AppData\Local\Microsoft\WindowsApps;;G:\vscode\Microsoft VS Code\bin;C:\Users\徐毅飞\AppData\Roaming\npm

Yarn version: 
  1.0.2

Node version: 
  8.9.3

Platform: 
  win32 x64

npm manifest: 
  {
    "private": true,
    "scripts": {
      "start": "roadhog server",
      "build": "roadhog build",
      "lint": "eslint --ext .js src test"
    },
    "engines": {
      "install-node": "6.9.2"
    },
    "theme": "./theme.config.js",
    "dependencies": {
      "antd-mobile": "^2.1.2",
      "axios": "^0.17.1",
      "babel-polyfill": "^6.26.0",
      "babel-runtime": "^6.26.0",
      "classnames": "^2.2.5",
      "dva": "^2.1.0",
      "dva-loading": "^0.2.1",
      "jsonp": "^0.2.1",
      "lodash": "^4.17.4",
      "moment": "^2.20.1",
      "mockjs": "^1.0.1-beta3",
      "path-to-regexp": "^2.1.0",
      "prop-types": "^15.6.0",
      "qs": "^6.5.1",
      "query-string": "^5.0.1",
      "rc-form": "^1.3.0",
      "react": "^16.2.0",
      "react-dom": "^16.2.0",
      "svg-sprite-loader": "^0.3.1"
    },
    "devDependencies": {
      "babel-eslint": "^7.1.1",
      "babel-plugin-dva-hmr": "^0.3.2",
      "babel-plugin-import": "^1.1.1",
      "babel-plugin-transform-runtime": "^6.9.0",
      "eslint": "^3.12.2",
      "eslint-config-airbnb": "^13.0.0",
      "eslint-plugin-import": "^2.2.0",
      "eslint-plugin-jsx-a11y": "^2.2.3",
      "eslint-plugin-react": "^6.8.0",
      "expect": "^1.20.2",
      "husky": "^0.12.0",
      "less-vars-to-js": "^1.1.2",
      "postcss-pxtorem": "^4.0.0",
      "redbox-react": "^1.3.2",
      "roadhog": "^1.3.1"
    }
  }

yarn manifest: 
  No manifest

Lockfile: 
  No lockfile

Trace: 
  Error: canceled
      at Interface.<anonymous> (C:\Users\徐毅飞\AppData\Roaming\npm\node_modules\yarn\lib\cli.js:115330:13)
      at emitNone (events.js:106:13)
      at Interface.emit (events.js:208:7)
      at Interface._ttyWrite (readline.js:775:16)
      at ReadStream.onkeypress (readline.js:160:10)
      at emitTwo (events.js:126:13)
      at ReadStream.emit (events.js:214:7)
      at emitKeys (internal/readline.js:420:14)
      at emitKeys.next (<anonymous>)
      at ReadStream.onData (readline.js:1011:36)
